<?xml version="1.0" encoding="UTF-8"?>
<testng-results skipped="0" failed="0" ignored="0" total="1" passed="1">
  <reporter-output>
  </reporter-output>
  <suite name="Suite" duration-ms="30" started-at="2021-07-27T08:25:16Z" finished-at="2021-07-27T08:25:16Z">
    <groups>
    </groups>
    <test name="Test" duration-ms="30" started-at="2021-07-27T08:25:16Z" finished-at="2021-07-27T08:25:16Z">
      <class name="com.selenium.AppTest">
        <test-method status="PASS" signature="shouldAnswerWithTrue()[pri:0, instance:com.selenium.AppTest@7c16905e]" name="shouldAnswerWithTrue" duration-ms="8" started-at="2021-07-27T08:25:16Z" finished-at="2021-07-27T08:25:16Z">
          <reporter-output>
          </reporter-output>
        </test-method> <!-- shouldAnswerWithTrue -->
      </class> <!-- com.selenium.AppTest -->
    </test> <!-- Test -->
  </suite> <!-- Suite -->
</testng-results>
